[0.017s] Invoking command in '/home/cpsl/CrazySim/ros2_ws/build/crazyflie_examples': AMENT_PREFIX_PATH=/home/cpsl/CrazySim/ros2_ws/install/crazyflie_py:/home/cpsl/CrazySim/ros2_ws/install/motion_capture_tracking:/home/cpsl/CrazySim/ros2_ws/install/crazyflie:/home/cpsl/CrazySim/ros2_ws/install/motion_capture_tracking_interfaces:/home/cpsl/CrazySim/ros2_ws/install/crazyflie_sim:/home/cpsl/CrazySim/ros2_ws/install/crazyflie_mpc:/home/cpsl/CrazySim/ros2_ws/install/crazyflie_examples:/home/cpsl/CrazySim/ros2_ws/install/crazyflie_interfaces:/opt/ros/humble CMAKE_PREFIX_PATH=/home/cpsl/CrazySim/ros2_ws/install/crazyflie_interfaces:/home/cpsl/CrazySim/ros2_ws/install/motion_capture_tracking:/home/cpsl/CrazySim/ros2_ws/install/crazyflie:/home/cpsl/CrazySim/ros2_ws/install/motion_capture_tracking_interfaces:/home/cpsl/CrazySim/ros2_ws/install/crazyflie_sim:/home/cpsl/CrazySim/ros2_ws/install/crazyflie_examples:/home/cpsl/CrazySim/ros2_ws/install/crazyflie_mpc:/home/cpsl/CrazySim/ros2_ws/install/crazyflie_py:/opt/ros/humble LD_LIBRARY_PATH=/home/cpsl/CrazySim/ros2_ws/install/crazyflie_interfaces/lib:/home/cpsl/CrazySim/ros2_ws/install/motion_capture_tracking_interfaces/lib:/opt/ros/humble/opt/rviz_ogre_vendor/lib:/opt/ros/humble/lib/x86_64-linux-gnu:/opt/ros/humble/lib:/home/cpsl/acados/lib PYTHONPATH=/home/cpsl/CrazySim/ros2_ws/build/crazyflie_py:/home/cpsl/CrazySim/ros2_ws/install/crazyflie_py/lib/python3.10/site-packages:/home/cpsl/CrazySim/ros2_ws/install/motion_capture_tracking_interfaces/local/lib/python3.10/dist-packages:/home/cpsl/CrazySim/ros2_ws/install/crazyflie_sim/local/lib/python3.10/dist-packages:/home/cpsl/CrazySim/ros2_ws/build/crazyflie_mpc:/home/cpsl/CrazySim/ros2_ws/install/crazyflie_mpc/lib/python3.10/site-packages:/home/cpsl/CrazySim/ros2_ws/install/crazyflie_examples/local/lib/python3.10/dist-packages:/home/cpsl/CrazySim/ros2_ws/install/crazyflie_interfaces/local/lib/python3.10/dist-packages:/opt/ros/humble/lib/python3.10/site-packages:/opt/ros/humble/local/lib/python3.10/dist-packages /usr/bin/cmake /home/cpsl/CrazySim/ros2_ws/src/crazyswarm2/crazyflie_examples -DCMAKE_BUILD_TYPE=Release -DAMENT_CMAKE_SYMLINK_INSTALL=1 -DCMAKE_INSTALL_PREFIX=/home/cpsl/CrazySim/ros2_ws/install/crazyflie_examples
[0.091s] -- The C compiler identification is GNU 11.4.0
[0.171s] -- The CXX compiler identification is GNU 11.4.0
[0.180s] -- Detecting C compiler ABI info
[0.275s] -- Detecting C compiler ABI info - done
[0.286s] -- Check for working C compiler: /usr/bin/cc - skipped
[0.286s] -- Detecting C compile features
[0.287s] -- Detecting C compile features - done
[0.291s] -- Detecting CXX compiler ABI info
[0.402s] -- Detecting CXX compiler ABI info - done
[0.411s] -- Check for working CXX compiler: /usr/bin/c++ - skipped
[0.411s] -- Detecting CXX compile features
[0.412s] -- Detecting CXX compile features - done
[0.415s] -- Found ament_cmake: 1.3.9 (/opt/ros/humble/share/ament_cmake/cmake)
[1.341s] -- Found Python3: /usr/bin/python3 (found version "3.10.12") found components: Interpreter 
[1.480s] -- Override CMake install command with custom implementation using symlinks instead of copying resources
[1.834s] -- Configuring done
[1.841s] -- Generating done
[1.843s] -- Build files have been written to: /home/cpsl/CrazySim/ros2_ws/build/crazyflie_examples
[1.851s] Invoked command in '/home/cpsl/CrazySim/ros2_ws/build/crazyflie_examples' returned '0': AMENT_PREFIX_PATH=/home/cpsl/CrazySim/ros2_ws/install/crazyflie_py:/home/cpsl/CrazySim/ros2_ws/install/motion_capture_tracking:/home/cpsl/CrazySim/ros2_ws/install/crazyflie:/home/cpsl/CrazySim/ros2_ws/install/motion_capture_tracking_interfaces:/home/cpsl/CrazySim/ros2_ws/install/crazyflie_sim:/home/cpsl/CrazySim/ros2_ws/install/crazyflie_mpc:/home/cpsl/CrazySim/ros2_ws/install/crazyflie_examples:/home/cpsl/CrazySim/ros2_ws/install/crazyflie_interfaces:/opt/ros/humble CMAKE_PREFIX_PATH=/home/cpsl/CrazySim/ros2_ws/install/crazyflie_interfaces:/home/cpsl/CrazySim/ros2_ws/install/motion_capture_tracking:/home/cpsl/CrazySim/ros2_ws/install/crazyflie:/home/cpsl/CrazySim/ros2_ws/install/motion_capture_tracking_interfaces:/home/cpsl/CrazySim/ros2_ws/install/crazyflie_sim:/home/cpsl/CrazySim/ros2_ws/install/crazyflie_examples:/home/cpsl/CrazySim/ros2_ws/install/crazyflie_mpc:/home/cpsl/CrazySim/ros2_ws/install/crazyflie_py:/opt/ros/humble LD_LIBRARY_PATH=/home/cpsl/CrazySim/ros2_ws/install/crazyflie_interfaces/lib:/home/cpsl/CrazySim/ros2_ws/install/motion_capture_tracking_interfaces/lib:/opt/ros/humble/opt/rviz_ogre_vendor/lib:/opt/ros/humble/lib/x86_64-linux-gnu:/opt/ros/humble/lib:/home/cpsl/acados/lib PYTHONPATH=/home/cpsl/CrazySim/ros2_ws/build/crazyflie_py:/home/cpsl/CrazySim/ros2_ws/install/crazyflie_py/lib/python3.10/site-packages:/home/cpsl/CrazySim/ros2_ws/install/motion_capture_tracking_interfaces/local/lib/python3.10/dist-packages:/home/cpsl/CrazySim/ros2_ws/install/crazyflie_sim/local/lib/python3.10/dist-packages:/home/cpsl/CrazySim/ros2_ws/build/crazyflie_mpc:/home/cpsl/CrazySim/ros2_ws/install/crazyflie_mpc/lib/python3.10/site-packages:/home/cpsl/CrazySim/ros2_ws/install/crazyflie_examples/local/lib/python3.10/dist-packages:/home/cpsl/CrazySim/ros2_ws/install/crazyflie_interfaces/local/lib/python3.10/dist-packages:/opt/ros/humble/lib/python3.10/site-packages:/opt/ros/humble/local/lib/python3.10/dist-packages /usr/bin/cmake /home/cpsl/CrazySim/ros2_ws/src/crazyswarm2/crazyflie_examples -DCMAKE_BUILD_TYPE=Release -DAMENT_CMAKE_SYMLINK_INSTALL=1 -DCMAKE_INSTALL_PREFIX=/home/cpsl/CrazySim/ros2_ws/install/crazyflie_examples
[1.853s] Invoking command in '/home/cpsl/CrazySim/ros2_ws/build/crazyflie_examples': AMENT_PREFIX_PATH=/home/cpsl/CrazySim/ros2_ws/install/crazyflie_py:/home/cpsl/CrazySim/ros2_ws/install/motion_capture_tracking:/home/cpsl/CrazySim/ros2_ws/install/crazyflie:/home/cpsl/CrazySim/ros2_ws/install/motion_capture_tracking_interfaces:/home/cpsl/CrazySim/ros2_ws/install/crazyflie_sim:/home/cpsl/CrazySim/ros2_ws/install/crazyflie_mpc:/home/cpsl/CrazySim/ros2_ws/install/crazyflie_examples:/home/cpsl/CrazySim/ros2_ws/install/crazyflie_interfaces:/opt/ros/humble CMAKE_PREFIX_PATH=/home/cpsl/CrazySim/ros2_ws/install/crazyflie_interfaces:/home/cpsl/CrazySim/ros2_ws/install/motion_capture_tracking:/home/cpsl/CrazySim/ros2_ws/install/crazyflie:/home/cpsl/CrazySim/ros2_ws/install/motion_capture_tracking_interfaces:/home/cpsl/CrazySim/ros2_ws/install/crazyflie_sim:/home/cpsl/CrazySim/ros2_ws/install/crazyflie_examples:/home/cpsl/CrazySim/ros2_ws/install/crazyflie_mpc:/home/cpsl/CrazySim/ros2_ws/install/crazyflie_py:/opt/ros/humble LD_LIBRARY_PATH=/home/cpsl/CrazySim/ros2_ws/install/crazyflie_interfaces/lib:/home/cpsl/CrazySim/ros2_ws/install/motion_capture_tracking_interfaces/lib:/opt/ros/humble/opt/rviz_ogre_vendor/lib:/opt/ros/humble/lib/x86_64-linux-gnu:/opt/ros/humble/lib:/home/cpsl/acados/lib PYTHONPATH=/home/cpsl/CrazySim/ros2_ws/build/crazyflie_py:/home/cpsl/CrazySim/ros2_ws/install/crazyflie_py/lib/python3.10/site-packages:/home/cpsl/CrazySim/ros2_ws/install/motion_capture_tracking_interfaces/local/lib/python3.10/dist-packages:/home/cpsl/CrazySim/ros2_ws/install/crazyflie_sim/local/lib/python3.10/dist-packages:/home/cpsl/CrazySim/ros2_ws/build/crazyflie_mpc:/home/cpsl/CrazySim/ros2_ws/install/crazyflie_mpc/lib/python3.10/site-packages:/home/cpsl/CrazySim/ros2_ws/install/crazyflie_examples/local/lib/python3.10/dist-packages:/home/cpsl/CrazySim/ros2_ws/install/crazyflie_interfaces/local/lib/python3.10/dist-packages:/opt/ros/humble/lib/python3.10/site-packages:/opt/ros/humble/local/lib/python3.10/dist-packages /usr/bin/cmake --build /home/cpsl/CrazySim/ros2_ws/build/crazyflie_examples -- -j16 -l16
[1.941s] Built target ament_cmake_python_symlink_crazyflie_examples
[1.941s] Built target ament_cmake_python_symlink_crazyflie_examples_setup
[2.283s] running install_scripts
[2.306s] /home/cpsl/.local/lib/python3.10/site-packages/setuptools/_distutils/cmd.py:66: SetuptoolsDeprecationWarning: setup.py install is deprecated.
[2.306s] !!
[2.306s] 
[2.306s]         ********************************************************************************
[2.307s]         Please avoid running ``setup.py`` directly.
[2.307s]         Instead, use pypa/build, pypa/installer or other
[2.307s]         standards-based tools.
[2.307s] 
[2.307s]         See https://blog.ganssle.io/articles/2021/10/setup-py-deprecated.html for details.
[2.307s]         ********************************************************************************
[2.307s] 
[2.307s] !!
[2.307s]   self.initialize_options()
[2.310s] running egg_info
[2.323s] creating crazyflie_examples.egg-info
[2.330s] running egg_info
[2.334s] writing crazyflie_examples.egg-info/PKG-INFO
[2.335s] writing dependency_links to crazyflie_examples.egg-info/dependency_links.txt
[2.335s] writing entry points to crazyflie_examples.egg-info/entry_points.txt
[2.335s] writing top-level names to crazyflie_examples.egg-info/top_level.txt
[2.335s] writing manifest file 'crazyflie_examples.egg-info/SOURCES.txt'
[2.356s] writing crazyflie_examples.egg-info/PKG-INFO
[2.357s] writing dependency_links to crazyflie_examples.egg-info/dependency_links.txt
[2.358s] writing entry points to crazyflie_examples.egg-info/entry_points.txt
[2.358s] writing top-level names to crazyflie_examples.egg-info/top_level.txt
[2.358s] reading manifest file 'crazyflie_examples.egg-info/SOURCES.txt'
[2.359s] writing manifest file 'crazyflie_examples.egg-info/SOURCES.txt'
[2.440s] reading manifest file 'crazyflie_examples.egg-info/SOURCES.txt'
[2.441s] writing manifest file 'crazyflie_examples.egg-info/SOURCES.txt'
[2.454s] Installing cmd_full_state script to scripts
[2.454s] Installing figure8 script to scripts
[2.454s] Installing hello_world script to scripts
[2.454s] Installing multi_trajectory script to scripts
[2.454s] Installing nice_hover script to scripts
[2.455s] Installing set_param script to scripts
[2.510s] Built target ament_cmake_python_build_crazyflie_examples_egg
[2.521s] Built target ament_cmake_python_build_crazyflie_examples_scripts
[2.531s] Invoked command in '/home/cpsl/CrazySim/ros2_ws/build/crazyflie_examples' returned '0': AMENT_PREFIX_PATH=/home/cpsl/CrazySim/ros2_ws/install/crazyflie_py:/home/cpsl/CrazySim/ros2_ws/install/motion_capture_tracking:/home/cpsl/CrazySim/ros2_ws/install/crazyflie:/home/cpsl/CrazySim/ros2_ws/install/motion_capture_tracking_interfaces:/home/cpsl/CrazySim/ros2_ws/install/crazyflie_sim:/home/cpsl/CrazySim/ros2_ws/install/crazyflie_mpc:/home/cpsl/CrazySim/ros2_ws/install/crazyflie_examples:/home/cpsl/CrazySim/ros2_ws/install/crazyflie_interfaces:/opt/ros/humble CMAKE_PREFIX_PATH=/home/cpsl/CrazySim/ros2_ws/install/crazyflie_interfaces:/home/cpsl/CrazySim/ros2_ws/install/motion_capture_tracking:/home/cpsl/CrazySim/ros2_ws/install/crazyflie:/home/cpsl/CrazySim/ros2_ws/install/motion_capture_tracking_interfaces:/home/cpsl/CrazySim/ros2_ws/install/crazyflie_sim:/home/cpsl/CrazySim/ros2_ws/install/crazyflie_examples:/home/cpsl/CrazySim/ros2_ws/install/crazyflie_mpc:/home/cpsl/CrazySim/ros2_ws/install/crazyflie_py:/opt/ros/humble LD_LIBRARY_PATH=/home/cpsl/CrazySim/ros2_ws/install/crazyflie_interfaces/lib:/home/cpsl/CrazySim/ros2_ws/install/motion_capture_tracking_interfaces/lib:/opt/ros/humble/opt/rviz_ogre_vendor/lib:/opt/ros/humble/lib/x86_64-linux-gnu:/opt/ros/humble/lib:/home/cpsl/acados/lib PYTHONPATH=/home/cpsl/CrazySim/ros2_ws/build/crazyflie_py:/home/cpsl/CrazySim/ros2_ws/install/crazyflie_py/lib/python3.10/site-packages:/home/cpsl/CrazySim/ros2_ws/install/motion_capture_tracking_interfaces/local/lib/python3.10/dist-packages:/home/cpsl/CrazySim/ros2_ws/install/crazyflie_sim/local/lib/python3.10/dist-packages:/home/cpsl/CrazySim/ros2_ws/build/crazyflie_mpc:/home/cpsl/CrazySim/ros2_ws/install/crazyflie_mpc/lib/python3.10/site-packages:/home/cpsl/CrazySim/ros2_ws/install/crazyflie_examples/local/lib/python3.10/dist-packages:/home/cpsl/CrazySim/ros2_ws/install/crazyflie_interfaces/local/lib/python3.10/dist-packages:/opt/ros/humble/lib/python3.10/site-packages:/opt/ros/humble/local/lib/python3.10/dist-packages /usr/bin/cmake --build /home/cpsl/CrazySim/ros2_ws/build/crazyflie_examples -- -j16 -l16
[2.552s] Invoking command in '/home/cpsl/CrazySim/ros2_ws/build/crazyflie_examples': AMENT_PREFIX_PATH=/home/cpsl/CrazySim/ros2_ws/install/crazyflie_py:/home/cpsl/CrazySim/ros2_ws/install/motion_capture_tracking:/home/cpsl/CrazySim/ros2_ws/install/crazyflie:/home/cpsl/CrazySim/ros2_ws/install/motion_capture_tracking_interfaces:/home/cpsl/CrazySim/ros2_ws/install/crazyflie_sim:/home/cpsl/CrazySim/ros2_ws/install/crazyflie_mpc:/home/cpsl/CrazySim/ros2_ws/install/crazyflie_examples:/home/cpsl/CrazySim/ros2_ws/install/crazyflie_interfaces:/opt/ros/humble CMAKE_PREFIX_PATH=/home/cpsl/CrazySim/ros2_ws/install/crazyflie_interfaces:/home/cpsl/CrazySim/ros2_ws/install/motion_capture_tracking:/home/cpsl/CrazySim/ros2_ws/install/crazyflie:/home/cpsl/CrazySim/ros2_ws/install/motion_capture_tracking_interfaces:/home/cpsl/CrazySim/ros2_ws/install/crazyflie_sim:/home/cpsl/CrazySim/ros2_ws/install/crazyflie_examples:/home/cpsl/CrazySim/ros2_ws/install/crazyflie_mpc:/home/cpsl/CrazySim/ros2_ws/install/crazyflie_py:/opt/ros/humble LD_LIBRARY_PATH=/home/cpsl/CrazySim/ros2_ws/install/crazyflie_interfaces/lib:/home/cpsl/CrazySim/ros2_ws/install/motion_capture_tracking_interfaces/lib:/opt/ros/humble/opt/rviz_ogre_vendor/lib:/opt/ros/humble/lib/x86_64-linux-gnu:/opt/ros/humble/lib:/home/cpsl/acados/lib PYTHONPATH=/home/cpsl/CrazySim/ros2_ws/build/crazyflie_py:/home/cpsl/CrazySim/ros2_ws/install/crazyflie_py/lib/python3.10/site-packages:/home/cpsl/CrazySim/ros2_ws/install/motion_capture_tracking_interfaces/local/lib/python3.10/dist-packages:/home/cpsl/CrazySim/ros2_ws/install/crazyflie_sim/local/lib/python3.10/dist-packages:/home/cpsl/CrazySim/ros2_ws/build/crazyflie_mpc:/home/cpsl/CrazySim/ros2_ws/install/crazyflie_mpc/lib/python3.10/site-packages:/home/cpsl/CrazySim/ros2_ws/install/crazyflie_examples/local/lib/python3.10/dist-packages:/home/cpsl/CrazySim/ros2_ws/install/crazyflie_interfaces/local/lib/python3.10/dist-packages:/opt/ros/humble/lib/python3.10/site-packages:/opt/ros/humble/local/lib/python3.10/dist-packages /usr/bin/cmake --install /home/cpsl/CrazySim/ros2_ws/build/crazyflie_examples
[2.558s] -- Install configuration: "Release"
[2.559s] -- Execute custom install script
[2.559s] -- Symlinking: /home/cpsl/CrazySim/ros2_ws/install/crazyflie_examples/share/crazyflie_examples/environment/pythonpath.sh
[2.567s] -- Symlinking: /home/cpsl/CrazySim/ros2_ws/install/crazyflie_examples/share/crazyflie_examples/environment/pythonpath.dsv
[2.576s] -- Symlinking: /home/cpsl/CrazySim/ros2_ws/install/crazyflie_examples/local/lib/python3.10/dist-packages/crazyflie_examples-2.0.0-py3.10.egg-info/PKG-INFO
[2.585s] -- Symlinking: /home/cpsl/CrazySim/ros2_ws/install/crazyflie_examples/local/lib/python3.10/dist-packages/crazyflie_examples-2.0.0-py3.10.egg-info/SOURCES.txt
[2.594s] -- Symlinking: /home/cpsl/CrazySim/ros2_ws/install/crazyflie_examples/local/lib/python3.10/dist-packages/crazyflie_examples-2.0.0-py3.10.egg-info/dependency_links.txt
[2.602s] -- Symlinking: /home/cpsl/CrazySim/ros2_ws/install/crazyflie_examples/local/lib/python3.10/dist-packages/crazyflie_examples-2.0.0-py3.10.egg-info/entry_points.txt
[2.610s] -- Symlinking: /home/cpsl/CrazySim/ros2_ws/install/crazyflie_examples/local/lib/python3.10/dist-packages/crazyflie_examples-2.0.0-py3.10.egg-info/top_level.txt
[2.620s] -- Symlinking: /home/cpsl/CrazySim/ros2_ws/install/crazyflie_examples/lib/crazyflie_examples//cmd_full_state
[2.628s] -- Symlinking: /home/cpsl/CrazySim/ros2_ws/install/crazyflie_examples/lib/crazyflie_examples//figure8
[2.636s] -- Symlinking: /home/cpsl/CrazySim/ros2_ws/install/crazyflie_examples/lib/crazyflie_examples//hello_world
[2.646s] -- Symlinking: /home/cpsl/CrazySim/ros2_ws/install/crazyflie_examples/lib/crazyflie_examples//multi_trajectory
[2.654s] -- Symlinking: /home/cpsl/CrazySim/ros2_ws/install/crazyflie_examples/lib/crazyflie_examples//nice_hover
[2.663s] -- Symlinking: /home/cpsl/CrazySim/ros2_ws/install/crazyflie_examples/lib/crazyflie_examples//set_param
[2.674s] -- Symlinking: /home/cpsl/CrazySim/ros2_ws/install/crazyflie_examples/local/lib/python3.10/dist-packages/crazyflie_examples/__init__.py
[2.684s] -- Symlinking: /home/cpsl/CrazySim/ros2_ws/install/crazyflie_examples/local/lib/python3.10/dist-packages/crazyflie_examples/cmd_full_state.py
[2.692s] -- Symlinking: /home/cpsl/CrazySim/ros2_ws/install/crazyflie_examples/local/lib/python3.10/dist-packages/crazyflie_examples/data/figure8.csv
[2.701s] -- Symlinking: /home/cpsl/CrazySim/ros2_ws/install/crazyflie_examples/local/lib/python3.10/dist-packages/crazyflie_examples/data/multi_trajectory/traj0.csv
[2.709s] -- Symlinking: /home/cpsl/CrazySim/ros2_ws/install/crazyflie_examples/local/lib/python3.10/dist-packages/crazyflie_examples/data/multi_trajectory/traj1.csv
[2.717s] -- Symlinking: /home/cpsl/CrazySim/ros2_ws/install/crazyflie_examples/local/lib/python3.10/dist-packages/crazyflie_examples/figure8.py
[2.728s] -- Symlinking: /home/cpsl/CrazySim/ros2_ws/install/crazyflie_examples/local/lib/python3.10/dist-packages/crazyflie_examples/hello_world.py
[2.739s] -- Symlinking: /home/cpsl/CrazySim/ros2_ws/install/crazyflie_examples/local/lib/python3.10/dist-packages/crazyflie_examples/multi_trajectory.py
[2.751s] -- Symlinking: /home/cpsl/CrazySim/ros2_ws/install/crazyflie_examples/local/lib/python3.10/dist-packages/crazyflie_examples/nice_hover.py
[2.764s] -- Symlinking: /home/cpsl/CrazySim/ros2_ws/install/crazyflie_examples/local/lib/python3.10/dist-packages/crazyflie_examples/set_param.py
[2.776s] -- Symlinking: /home/cpsl/CrazySim/ros2_ws/install/crazyflie_examples/share/crazyflie_examples//config/nav2_params.yaml
[2.788s] -- Symlinking: /home/cpsl/CrazySim/ros2_ws/install/crazyflie_examples/share/crazyflie_examples//config/nav2_view.rviz
[2.800s] -- Symlinking: /home/cpsl/CrazySim/ros2_ws/install/crazyflie_examples/share/crazyflie_examples//data/map.data
[2.812s] -- Symlinking: /home/cpsl/CrazySim/ros2_ws/install/crazyflie_examples/share/crazyflie_examples//data/map.pgm
[2.824s] -- Symlinking: /home/cpsl/CrazySim/ros2_ws/install/crazyflie_examples/share/crazyflie_examples//data/map.posegraph
[2.836s] -- Symlinking: /home/cpsl/CrazySim/ros2_ws/install/crazyflie_examples/share/crazyflie_examples//data/map.yaml
[2.848s] -- Symlinking: /home/cpsl/CrazySim/ros2_ws/install/crazyflie_examples/share/crazyflie_examples//launch/keyboard_velmux_launch.py
[2.860s] -- Symlinking: /home/cpsl/CrazySim/ros2_ws/install/crazyflie_examples/share/crazyflie_examples//launch/multiranger_mapping_launch.py
[2.872s] -- Symlinking: /home/cpsl/CrazySim/ros2_ws/install/crazyflie_examples/share/crazyflie_examples//launch/multiranger_nav2_launch.py
[2.884s] -- Symlinking: /home/cpsl/CrazySim/ros2_ws/install/crazyflie_examples/share/ament_index/resource_index/package_run_dependencies/crazyflie_examples
[2.896s] -- Symlinking: /home/cpsl/CrazySim/ros2_ws/install/crazyflie_examples/share/ament_index/resource_index/parent_prefix_path/crazyflie_examples
[2.908s] -- Symlinking: /home/cpsl/CrazySim/ros2_ws/install/crazyflie_examples/share/crazyflie_examples/environment/ament_prefix_path.sh
[2.919s] -- Symlinking: /home/cpsl/CrazySim/ros2_ws/install/crazyflie_examples/share/crazyflie_examples/environment/ament_prefix_path.dsv
[2.931s] -- Symlinking: /home/cpsl/CrazySim/ros2_ws/install/crazyflie_examples/share/crazyflie_examples/environment/path.sh
[2.942s] -- Symlinking: /home/cpsl/CrazySim/ros2_ws/install/crazyflie_examples/share/crazyflie_examples/environment/path.dsv
[2.953s] -- Symlinking: /home/cpsl/CrazySim/ros2_ws/install/crazyflie_examples/share/crazyflie_examples/local_setup.bash
[2.964s] -- Symlinking: /home/cpsl/CrazySim/ros2_ws/install/crazyflie_examples/share/crazyflie_examples/local_setup.sh
[2.975s] -- Symlinking: /home/cpsl/CrazySim/ros2_ws/install/crazyflie_examples/share/crazyflie_examples/local_setup.zsh
[2.986s] -- Symlinking: /home/cpsl/CrazySim/ros2_ws/install/crazyflie_examples/share/crazyflie_examples/local_setup.dsv
[2.997s] -- Symlinking: /home/cpsl/CrazySim/ros2_ws/install/crazyflie_examples/share/crazyflie_examples/package.dsv
[3.008s] -- Symlinking: /home/cpsl/CrazySim/ros2_ws/install/crazyflie_examples/share/ament_index/resource_index/packages/crazyflie_examples
[3.019s] -- Symlinking: /home/cpsl/CrazySim/ros2_ws/install/crazyflie_examples/share/crazyflie_examples/cmake/crazyflie_examplesConfig.cmake
[3.030s] -- Symlinking: /home/cpsl/CrazySim/ros2_ws/install/crazyflie_examples/share/crazyflie_examples/cmake/crazyflie_examplesConfig-version.cmake
[3.041s] -- Symlinking: /home/cpsl/CrazySim/ros2_ws/install/crazyflie_examples/share/crazyflie_examples/package.xml
[3.103s] Listing '/home/cpsl/CrazySim/ros2_ws/install/crazyflie_examples/local/lib/python3.10/dist-packages/crazyflie_examples'...
[3.103s] Compiling '/home/cpsl/CrazySim/ros2_ws/install/crazyflie_examples/local/lib/python3.10/dist-packages/crazyflie_examples/__init__.py'...
[3.103s] Compiling '/home/cpsl/CrazySim/ros2_ws/install/crazyflie_examples/local/lib/python3.10/dist-packages/crazyflie_examples/cmd_full_state.py'...
[3.103s] Listing '/home/cpsl/CrazySim/ros2_ws/install/crazyflie_examples/local/lib/python3.10/dist-packages/crazyflie_examples/data'...
[3.104s] Listing '/home/cpsl/CrazySim/ros2_ws/install/crazyflie_examples/local/lib/python3.10/dist-packages/crazyflie_examples/data/multi_trajectory'...
[3.104s] Compiling '/home/cpsl/CrazySim/ros2_ws/install/crazyflie_examples/local/lib/python3.10/dist-packages/crazyflie_examples/figure8.py'...
[3.104s] Compiling '/home/cpsl/CrazySim/ros2_ws/install/crazyflie_examples/local/lib/python3.10/dist-packages/crazyflie_examples/hello_world.py'...
[3.104s] Compiling '/home/cpsl/CrazySim/ros2_ws/install/crazyflie_examples/local/lib/python3.10/dist-packages/crazyflie_examples/multi_trajectory.py'...
[3.104s] Compiling '/home/cpsl/CrazySim/ros2_ws/install/crazyflie_examples/local/lib/python3.10/dist-packages/crazyflie_examples/nice_hover.py'...
[3.104s] Compiling '/home/cpsl/CrazySim/ros2_ws/install/crazyflie_examples/local/lib/python3.10/dist-packages/crazyflie_examples/set_param.py'...
[3.113s] Invoked command in '/home/cpsl/CrazySim/ros2_ws/build/crazyflie_examples' returned '0': AMENT_PREFIX_PATH=/home/cpsl/CrazySim/ros2_ws/install/crazyflie_py:/home/cpsl/CrazySim/ros2_ws/install/motion_capture_tracking:/home/cpsl/CrazySim/ros2_ws/install/crazyflie:/home/cpsl/CrazySim/ros2_ws/install/motion_capture_tracking_interfaces:/home/cpsl/CrazySim/ros2_ws/install/crazyflie_sim:/home/cpsl/CrazySim/ros2_ws/install/crazyflie_mpc:/home/cpsl/CrazySim/ros2_ws/install/crazyflie_examples:/home/cpsl/CrazySim/ros2_ws/install/crazyflie_interfaces:/opt/ros/humble CMAKE_PREFIX_PATH=/home/cpsl/CrazySim/ros2_ws/install/crazyflie_interfaces:/home/cpsl/CrazySim/ros2_ws/install/motion_capture_tracking:/home/cpsl/CrazySim/ros2_ws/install/crazyflie:/home/cpsl/CrazySim/ros2_ws/install/motion_capture_tracking_interfaces:/home/cpsl/CrazySim/ros2_ws/install/crazyflie_sim:/home/cpsl/CrazySim/ros2_ws/install/crazyflie_examples:/home/cpsl/CrazySim/ros2_ws/install/crazyflie_mpc:/home/cpsl/CrazySim/ros2_ws/install/crazyflie_py:/opt/ros/humble LD_LIBRARY_PATH=/home/cpsl/CrazySim/ros2_ws/install/crazyflie_interfaces/lib:/home/cpsl/CrazySim/ros2_ws/install/motion_capture_tracking_interfaces/lib:/opt/ros/humble/opt/rviz_ogre_vendor/lib:/opt/ros/humble/lib/x86_64-linux-gnu:/opt/ros/humble/lib:/home/cpsl/acados/lib PYTHONPATH=/home/cpsl/CrazySim/ros2_ws/build/crazyflie_py:/home/cpsl/CrazySim/ros2_ws/install/crazyflie_py/lib/python3.10/site-packages:/home/cpsl/CrazySim/ros2_ws/install/motion_capture_tracking_interfaces/local/lib/python3.10/dist-packages:/home/cpsl/CrazySim/ros2_ws/install/crazyflie_sim/local/lib/python3.10/dist-packages:/home/cpsl/CrazySim/ros2_ws/build/crazyflie_mpc:/home/cpsl/CrazySim/ros2_ws/install/crazyflie_mpc/lib/python3.10/site-packages:/home/cpsl/CrazySim/ros2_ws/install/crazyflie_examples/local/lib/python3.10/dist-packages:/home/cpsl/CrazySim/ros2_ws/install/crazyflie_interfaces/local/lib/python3.10/dist-packages:/opt/ros/humble/lib/python3.10/site-packages:/opt/ros/humble/local/lib/python3.10/dist-packages /usr/bin/cmake --install /home/cpsl/CrazySim/ros2_ws/build/crazyflie_examples
