running develop
running egg_info
creating crazyflie_mpc.egg-info
writing crazyflie_mpc.egg-info/PKG-INFO
writing dependency_links to crazyflie_mpc.egg-info/dependency_links.txt
writing entry points to crazyflie_mpc.egg-info/entry_points.txt
writing requirements to crazyflie_mpc.egg-info/requires.txt
writing top-level names to crazyflie_mpc.egg-info/top_level.txt
writing manifest file 'crazyflie_mpc.egg-info/SOURCES.txt'
reading manifest file 'crazyflie_mpc.egg-info/SOURCES.txt'
writing manifest file 'crazyflie_mpc.egg-info/SOURCES.txt'
running build_ext
Creating /home/cpsl/CrazySim/ros2_ws/install/crazyflie_mpc/lib/python3.10/site-packages/crazyflie-mpc.egg-link (link to .)
Installing crazyflie_multiagent_mpc script to /home/cpsl/CrazySim/ros2_ws/install/crazyflie_mpc/lib/crazyflie_mpc

Installed /home/cpsl/CrazySim/ros2_ws/build/crazyflie_mpc
running symlink_data
creating /home/cpsl/CrazySim/ros2_ws/install/crazyflie_mpc/share/ament_index
creating /home/cpsl/CrazySim/ros2_ws/install/crazyflie_mpc/share/ament_index/resource_index
creating /home/cpsl/CrazySim/ros2_ws/install/crazyflie_mpc/share/ament_index/resource_index/packages
symbolically linking /home/cpsl/CrazySim/ros2_ws/build/crazyflie_mpc/resource/crazyflie_mpc -> /home/cpsl/CrazySim/ros2_ws/install/crazyflie_mpc/share/ament_index/resource_index/packages
symbolically linking /home/cpsl/CrazySim/ros2_ws/build/crazyflie_mpc/package.xml -> /home/cpsl/CrazySim/ros2_ws/install/crazyflie_mpc/share/crazyflie_mpc
creating /home/cpsl/CrazySim/ros2_ws/install/crazyflie_mpc/share/crazyflie_mpc/launch
symbolically linking /home/cpsl/CrazySim/ros2_ws/build/crazyflie_mpc/launch/crazyflie_multiagent_mpc_launch.py -> /home/cpsl/CrazySim/ros2_ws/install/crazyflie_mpc/share/crazyflie_mpc/launch
