[0.974s] Invoking command in '/home/cpsl/CrazySim/ros2_ws/build/crazyflie_mpc': AMENT_PREFIX_PATH=/home/cpsl/CrazySim/ros2_ws/install/crazyflie_py:/home/cpsl/CrazySim/ros2_ws/install/motion_capture_tracking:/home/cpsl/CrazySim/ros2_ws/install/crazyflie:/home/cpsl/CrazySim/ros2_ws/install/motion_capture_tracking_interfaces:/home/cpsl/CrazySim/ros2_ws/install/crazyflie_sim:/home/cpsl/CrazySim/ros2_ws/install/crazyflie_mpc:/home/cpsl/CrazySim/ros2_ws/install/crazyflie_examples:/home/cpsl/CrazySim/ros2_ws/install/crazyflie_interfaces:/opt/ros/humble CMAKE_PREFIX_PATH=/home/cpsl/CrazySim/ros2_ws/install/crazyflie_interfaces:/home/cpsl/CrazySim/ros2_ws/install/motion_capture_tracking:/home/cpsl/CrazySim/ros2_ws/install/crazyflie:/home/cpsl/CrazySim/ros2_ws/install/motion_capture_tracking_interfaces:/home/cpsl/CrazySim/ros2_ws/install/crazyflie_sim:/home/cpsl/CrazySim/ros2_ws/install/crazyflie_examples LD_LIBRARY_PATH=/home/cpsl/CrazySim/ros2_ws/install/crazyflie_interfaces/lib:/home/cpsl/CrazySim/ros2_ws/install/motion_capture_tracking_interfaces/lib:/opt/ros/humble/opt/rviz_ogre_vendor/lib:/opt/ros/humble/lib/x86_64-linux-gnu:/opt/ros/humble/lib:/home/cpsl/acados/lib PYTHONPATH=/home/cpsl/CrazySim/ros2_ws/build/crazyflie_mpc/prefix_override:/home/cpsl/CrazySim/ros2_ws/install/crazyflie_mpc/lib/python3.10/site-packages:/home/cpsl/CrazySim/ros2_ws/build/crazyflie_py:/home/cpsl/CrazySim/ros2_ws/install/crazyflie_py/lib/python3.10/site-packages:/home/cpsl/CrazySim/ros2_ws/install/motion_capture_tracking_interfaces/local/lib/python3.10/dist-packages:/home/cpsl/CrazySim/ros2_ws/install/crazyflie_sim/local/lib/python3.10/dist-packages:/home/cpsl/CrazySim/ros2_ws/build/crazyflie_mpc:/home/cpsl/CrazySim/ros2_ws/install/crazyflie_mpc/lib/python3.10/site-packages:/home/cpsl/CrazySim/ros2_ws/install/crazyflie_examples/local/lib/python3.10/dist-packages:/home/cpsl/CrazySim/ros2_ws/install/crazyflie_interfaces/local/lib/python3.10/dist-packages:/opt/ros/humble/lib/python3.10/site-packages:/opt/ros/humble/local/lib/python3.10/dist-packages /usr/bin/python3 -W ignore:setup.py install is deprecated setup.py develop --editable --build-directory /home/cpsl/CrazySim/ros2_ws/build/crazyflie_mpc/build --no-deps symlink_data
[1.604s] running develop
[1.604s] /home/cpsl/.local/lib/python3.10/site-packages/setuptools/command/develop.py:42: EasyInstallDeprecationWarning: easy_install command is deprecated.
[1.605s] !!
[1.605s] 
[1.605s]         ********************************************************************************
[1.605s]         Please avoid running ``setup.py`` and ``easy_install``.
[1.605s]         Instead, use pypa/build, pypa/installer or other
[1.605s]         standards-based tools.
[1.605s] 
[1.605s]         See https://github.com/pypa/setuptools/issues/917 for details.
[1.605s]         ********************************************************************************
[1.605s] 
[1.605s] !!
[1.606s]   easy_install.initialize_options(self)
[1.858s] running egg_info
[1.858s] creating crazyflie_mpc.egg-info
[1.870s] writing crazyflie_mpc.egg-info/PKG-INFO
[1.871s] writing dependency_links to crazyflie_mpc.egg-info/dependency_links.txt
[1.871s] writing entry points to crazyflie_mpc.egg-info/entry_points.txt
[1.871s] writing requirements to crazyflie_mpc.egg-info/requires.txt
[1.872s] writing top-level names to crazyflie_mpc.egg-info/top_level.txt
[1.872s] writing manifest file 'crazyflie_mpc.egg-info/SOURCES.txt'
[1.907s] reading manifest file 'crazyflie_mpc.egg-info/SOURCES.txt'
[1.908s] writing manifest file 'crazyflie_mpc.egg-info/SOURCES.txt'
[1.981s] running build_ext
[1.982s] Creating /home/cpsl/CrazySim/ros2_ws/install/crazyflie_mpc/lib/python3.10/site-packages/crazyflie-mpc.egg-link (link to .)
[1.983s] Installing crazyflie_multiagent_mpc script to /home/cpsl/CrazySim/ros2_ws/install/crazyflie_mpc/lib/crazyflie_mpc
[1.984s] 
[1.984s] Installed /home/cpsl/CrazySim/ros2_ws/build/crazyflie_mpc
[1.984s] running symlink_data
[1.984s] creating /home/cpsl/CrazySim/ros2_ws/install/crazyflie_mpc/share/ament_index
[1.984s] creating /home/cpsl/CrazySim/ros2_ws/install/crazyflie_mpc/share/ament_index/resource_index
[1.985s] creating /home/cpsl/CrazySim/ros2_ws/install/crazyflie_mpc/share/ament_index/resource_index/packages
[1.985s] symbolically linking /home/cpsl/CrazySim/ros2_ws/build/crazyflie_mpc/resource/crazyflie_mpc -> /home/cpsl/CrazySim/ros2_ws/install/crazyflie_mpc/share/ament_index/resource_index/packages
[1.985s] symbolically linking /home/cpsl/CrazySim/ros2_ws/build/crazyflie_mpc/package.xml -> /home/cpsl/CrazySim/ros2_ws/install/crazyflie_mpc/share/crazyflie_mpc
[1.985s] creating /home/cpsl/CrazySim/ros2_ws/install/crazyflie_mpc/share/crazyflie_mpc/launch
[1.985s] symbolically linking /home/cpsl/CrazySim/ros2_ws/build/crazyflie_mpc/launch/crazyflie_multiagent_mpc_launch.py -> /home/cpsl/CrazySim/ros2_ws/install/crazyflie_mpc/share/crazyflie_mpc/launch
[2.082s] Invoked command in '/home/cpsl/CrazySim/ros2_ws/build/crazyflie_mpc' returned '0': AMENT_PREFIX_PATH=/home/cpsl/CrazySim/ros2_ws/install/crazyflie_py:/home/cpsl/CrazySim/ros2_ws/install/motion_capture_tracking:/home/cpsl/CrazySim/ros2_ws/install/crazyflie:/home/cpsl/CrazySim/ros2_ws/install/motion_capture_tracking_interfaces:/home/cpsl/CrazySim/ros2_ws/install/crazyflie_sim:/home/cpsl/CrazySim/ros2_ws/install/crazyflie_mpc:/home/cpsl/CrazySim/ros2_ws/install/crazyflie_examples:/home/cpsl/CrazySim/ros2_ws/install/crazyflie_interfaces:/opt/ros/humble CMAKE_PREFIX_PATH=/home/cpsl/CrazySim/ros2_ws/install/crazyflie_interfaces:/home/cpsl/CrazySim/ros2_ws/install/motion_capture_tracking:/home/cpsl/CrazySim/ros2_ws/install/crazyflie:/home/cpsl/CrazySim/ros2_ws/install/motion_capture_tracking_interfaces:/home/cpsl/CrazySim/ros2_ws/install/crazyflie_sim:/home/cpsl/CrazySim/ros2_ws/install/crazyflie_examples LD_LIBRARY_PATH=/home/cpsl/CrazySim/ros2_ws/install/crazyflie_interfaces/lib:/home/cpsl/CrazySim/ros2_ws/install/motion_capture_tracking_interfaces/lib:/opt/ros/humble/opt/rviz_ogre_vendor/lib:/opt/ros/humble/lib/x86_64-linux-gnu:/opt/ros/humble/lib:/home/cpsl/acados/lib PYTHONPATH=/home/cpsl/CrazySim/ros2_ws/build/crazyflie_mpc/prefix_override:/home/cpsl/CrazySim/ros2_ws/install/crazyflie_mpc/lib/python3.10/site-packages:/home/cpsl/CrazySim/ros2_ws/build/crazyflie_py:/home/cpsl/CrazySim/ros2_ws/install/crazyflie_py/lib/python3.10/site-packages:/home/cpsl/CrazySim/ros2_ws/install/motion_capture_tracking_interfaces/local/lib/python3.10/dist-packages:/home/cpsl/CrazySim/ros2_ws/install/crazyflie_sim/local/lib/python3.10/dist-packages:/home/cpsl/CrazySim/ros2_ws/build/crazyflie_mpc:/home/cpsl/CrazySim/ros2_ws/install/crazyflie_mpc/lib/python3.10/site-packages:/home/cpsl/CrazySim/ros2_ws/install/crazyflie_examples/local/lib/python3.10/dist-packages:/home/cpsl/CrazySim/ros2_ws/install/crazyflie_interfaces/local/lib/python3.10/dist-packages:/opt/ros/humble/lib/python3.10/site-packages:/opt/ros/humble/local/lib/python3.10/dist-packages /usr/bin/python3 -W ignore:setup.py install is deprecated setup.py develop --editable --build-directory /home/cpsl/CrazySim/ros2_ws/build/crazyflie_mpc/build --no-deps symlink_data
